{"name": "test_valid_user_login", "status": "failed", "statusDetails": {"message": "AssertionError: Locator expected to be visible\nActual value: None\nError: element(s) not found \nCall log:\n  - Expect \"to_be_visible\" with timeout 3000ms\n  - waiting for locator(\"h2:has-text(\\\"My Account\\\")\")", "trace": "page = <Page url='https://tutorialsninja.com/demo/index.php?route=account/login'>\n\n    @pytest.mark.sanity\n    def test_valid_user_login(page):\n        home_page = HomePage(page)\n        login_page = LoginPage(page)\n        my_account_page = MyAccountPage(page)\n    \n        home_page.click_my_account()\n        home_page.click_login()\n    \n        login_page.set_email(Config.email)\n        login_page.set_password(Config.password)\n        login_page.click_login()\n    \n        time.sleep(3)\n    \n>       expect(my_account_page.get_my_account_page_heading()).to_be_visible(timeout=3000)\nE       AssertionError: Locator expected to be visible\nE       Actual value: None\nE       Error: element(s) not found \nE       Call log:\nE         - Expect \"to_be_visible\" with timeout 3000ms\nE         - waiting for locator(\"h2:has-text(\\\"My Account\\\")\")\n\ntests\\test_login.py:78: AssertionError"}, "attachments": [{"name": "stdout", "source": "a51d69af-7631-40e8-9c28-b81799200cf8-attachment.txt", "type": "text/plain"}], "start": 1768999062061, "stop": 1768999069909, "uuid": "56dddee6-f3c5-4f7b-9085-5efac6add3b6", "historyId": "bc0571d77419ce711f50b52b2cc44204", "testCaseId": "bc0571d77419ce711f50b52b2cc44204", "fullName": "tests.test_login#test_valid_user_login", "labels": [{"name": "tag", "value": "sanity"}, {"name": "parentSuite", "value": "tests"}, {"name": "suite", "value": "test_login"}, {"name": "host", "value": "WS-20381"}, {"name": "thread", "value": "23068-MainThread"}, {"name": "framework", "value": "pytest"}, {"name": "language", "value": "cpython3"}, {"name": "package", "value": "tests.test_login"}], "titlePath": ["tests", "test_login.py"]}